# JRE version: OpenJDK Runtime Environment (17.0.6) (build 17.0.6+0-b2043.56-9586694)
# Java VM: OpenJDK 64-Bit Server VM (17.0.6+0-b2043.56-9586694, mixed mode, tiered, compressed oops, compressed class ptrs, g1 gc, windows-amd64)
GC Precious Log:
 CPUs: 8 total, 8 available
 Memory: 16231M
 Large Page Support: Disabled
 NUMA Support: Disabled
 Compressed Oops: Enabled (Zero based)
 Heap Region Size: 2M
 Heap Min Capacity: 8M
 Heap Initial Capacity: 254M
 Heap Max Capacity: 4058M
 Pre-touch: Disabled
 Parallel Workers: 8
 Concurrent Workers: 2
 Concurrent Refinement Workers: 8
 Periodic GC: Disabled
Heap:
 garbage-first heap   total 126976K, used 70957K [0x0000000702600000, 0x0000000800000000)
  region size 2048K, 1 young (2048K), 1 survivors (2048K)
 Metaspace       used 87175K, committed 87552K, reserved 1130496K
  class space    used 9902K, committed 10048K, reserved 1048576K
GC Heap History (20 events):
Event: 3.142 GC heap after
{Heap after GC invocations=13 (full 0):
 garbage-first heap   total 102400K, used 30012K [0x0000000702600000, 0x0000000800000000)
  region size 2048K, 3 young (6144K), 3 survivors (6144K)
 Metaspace       used 48247K, committed 48512K, reserved 1097728K
  class space    used 5802K, committed 5888K, reserved 1048576K
}
Event: 4.102 GC heap before
{Heap before GC invocations=13 (full 0):
 garbage-first heap   total 102400K, used 75068K [0x0000000702600000, 0x0000000800000000)
  region size 2048K, 24 young (49152K), 3 survivors (6144K)
 Metaspace       used 55744K, committed 56064K, reserved 1105920K
  class space    used 6638K, committed 6784K, reserved 1048576K
}
Event: 4.125 GC heap after
{Heap after GC invocations=14 (full 0):
 garbage-first heap   total 102400K, used 39299K [0x0000000702600000, 0x0000000800000000)
  region size 2048K, 3 young (6144K), 3 survivors (6144K)
 Metaspace       used 55744K, committed 56064K, reserved 1105920K
  class space    used 6638K, committed 6784K, reserved 1048576K
}
Event: 5.282 GC heap before
{Heap before GC invocations=14 (full 0):
 garbage-first heap   total 102400K, used 74115K [0x0000000702600000, 0x0000000800000000)
  region size 2048K, 20 young (40960K), 3 survivors (6144K)
 Metaspace       used 56796K, committed 57024K, reserved 1105920K
  class space    used 6664K, committed 6784K, reserved 1048576K
}
Event: 5.310 GC heap after
{Heap after GC invocations=15 (full 0):
 garbage-first heap   total 102400K, used 46337K [0x0000000702600000, 0x0000000800000000)
  region size 2048K, 3 young (6144K), 3 survivors (6144K)
 Metaspace       used 56796K, committed 57024K, reserved 1105920K
  class space    used 6664K, committed 6784K, reserved 1048576K
}
Event: 5.807 GC heap before
{Heap before GC invocations=15 (full 0):
 garbage-first heap   total 102400K, used 75009K [0x0000000702600000, 0x0000000800000000)
  region size 2048K, 17 young (34816K), 3 survivors (6144K)
 Metaspace       used 58755K, committed 59072K, reserved 1105920K
  class space    used 6900K, committed 7040K, reserved 1048576K
}
Event: 5.832 GC heap after
{Heap after GC invocations=16 (full 0):
 garbage-first heap   total 102400K, used 49869K [0x0000000702600000, 0x0000000800000000)
  region size 2048K, 2 young (4096K), 2 survivors (4096K)
 Metaspace       used 58755K, committed 59072K, reserved 1105920K
  class space    used 6900K, committed 7040K, reserved 1048576K
}
Event: 7.099 GC heap before
{Heap before GC invocations=16 (full 0):
 garbage-first heap   total 102400K, used 76493K [0x0000000702600000, 0x0000000800000000)
  region size 2048K, 15 young (30720K), 2 survivors (4096K)
 Metaspace       used 63719K, committed 64064K, reserved 1105920K
  class space    used 7603K, committed 7744K, reserved 1048576K
}
Event: 7.112 GC heap after
{Heap after GC invocations=17 (full 0):
 garbage-first heap   total 126976K, used 52395K [0x0000000702600000, 0x0000000800000000)
  region size 2048K, 2 young (4096K), 2 survivors (4096K)
 Metaspace       used 63719K, committed 64064K, reserved 1105920K
  class space    used 7603K, committed 7744K, reserved 1048576K
}
Event: 8.426 GC heap before
{Heap before GC invocations=18 (full 0):
 garbage-first heap   total 126976K, used 93355K [0x0000000702600000, 0x0000000800000000)
  region size 2048K, 22 young (45056K), 2 survivors (4096K)
 Metaspace       used 66671K, committed 66944K, reserved 1114112K
  class space    used 7870K, committed 8000K, reserved 1048576K
}
Event: 8.450 GC heap after
{Heap after GC invocations=19 (full 0):
 garbage-first heap   total 126976K, used 58411K [0x0000000702600000, 0x0000000800000000)
  region size 2048K, 3 young (6144K), 3 survivors (6144K)
 Metaspace       used 66671K, committed 66944K, reserved 1114112K
  class space    used 7870K, committed 8000K, reserved 1048576K
}
Event: 9.506 GC heap before
{Heap before GC invocations=19 (full 0):
 garbage-first heap   total 126976K, used 95275K [0x0000000702600000, 0x0000000800000000)
  region size 2048K, 21 young (43008K), 3 survivors (6144K)
 Metaspace       used 72871K, committed 73216K, reserved 1114112K
  class space    used 8491K, committed 8640K, reserved 1048576K
}
Event: 9.521 GC heap after
{Heap after GC invocations=20 (full 0):
 garbage-first heap   total 126976K, used 62125K [0x0000000702600000, 0x0000000800000000)
  region size 2048K, 2 young (4096K), 2 survivors (4096K)
 Metaspace       used 72871K, committed 73216K, reserved 1114112K
  class space    used 8491K, committed 8640K, reserved 1048576K
}
Event: 10.264 GC heap before
{Heap before GC invocations=20 (full 0):
 garbage-first heap   total 126976K, used 96941K [0x0000000702600000, 0x0000000800000000)
  region size 2048K, 19 young (38912K), 2 survivors (4096K)
 Metaspace       used 79254K, committed 79552K, reserved 1122304K
  class space    used 9173K, committed 9280K, reserved 1048576K
}
Event: 10.278 GC heap after
{Heap after GC invocations=21 (full 0):
 garbage-first heap   total 126976K, used 64635K [0x0000000702600000, 0x0000000800000000)
  region size 2048K, 3 young (6144K), 3 survivors (6144K)
 Metaspace       used 79254K, committed 79552K, reserved 1122304K
  class space    used 9173K, committed 9280K, reserved 1048576K
}
Event: 10.961 GC heap before
{Heap before GC invocations=22 (full 0):
 garbage-first heap   total 126976K, used 97403K [0x0000000702600000, 0x0000000800000000)
  region size 2048K, 19 young (38912K), 3 survivors (6144K)
 Metaspace       used 82526K, committed 82816K, reserved 1122304K
  class space    used 9513K, committed 9664K, reserved 1048576K
}
Event: 10.986 GC heap after
{Heap after GC invocations=23 (full 0):
 garbage-first heap   total 126976K, used 69416K [0x0000000702600000, 0x0000000800000000)
  region size 2048K, 3 young (6144K), 3 survivors (6144K)
 Metaspace       used 82526K, committed 82816K, reserved 1122304K
  class space    used 9513K, committed 9664K, reserved 1048576K
}
Event: 11.009 GC heap before
{Heap before GC invocations=23 (full 0):
 garbage-first heap   total 126976K, used 71464K [0x0000000702600000, 0x0000000800000000)
  region size 2048K, 4 young (8192K), 3 survivors (6144K)
 Metaspace       used 82532K, committed 82816K, reserved 1122304K
  class space    used 9513K, committed 9664K, reserved 1048576K
}
Event: 11.027 GC heap after
{Heap after GC invocations=24 (full 0):
 garbage-first heap   total 126976K, used 70296K [0x0000000702600000, 0x0000000800000000)
  region size 2048K, 1 young (2048K), 1 survivors (2048K)
 Metaspace       used 82532K, committed 82816K, reserved 1122304K
  class space    used 9513K, committed 9664K, reserved 1048576K
}
Event: 11.823 GC heap before
{Heap before GC invocations=24 (full 0):
 garbage-first heap   total 126976K, used 98968K [0x0000000702600000, 0x0000000800000000)
  region size 2048K, 15 young (30720K), 1 survivors (2048K)
 Metaspace       used 87175K, committed 87552K, reserved 1130496K
  class space    used 9902K, committed 10048K, reserved 1048576K
}

