# JRE version: OpenJDK Runtime Environment (17.0.6) (build 17.0.6+0-b2043.56-9586694)
# Java VM: OpenJDK 64-Bit Server VM (17.0.6+0-b2043.56-9586694, mixed mode, tiered, compressed oops, compressed class ptrs, g1 gc, windows-amd64)
GC Precious Log:
 CPUs: 8 total, 8 available
 Memory: 16231M
 Large Page Support: Disabled
 NUMA Support: Disabled
 Compressed Oops: Enabled (32-bit)
 Heap Region Size: 1M
 Heap Min Capacity: 8M
 Heap Initial Capacity: 254M
 Heap Max Capacity: 2G
 Pre-touch: Disabled
 Parallel Workers: 8
 Concurrent Workers: 2
 Concurrent Refinement Workers: 8
 Periodic GC: Disabled
Heap:
 garbage-first heap   total 459776K, used 384743K [0x0000000080000000, 0x0000000100000000)
  region size 1024K, 3 young (3072K), 3 survivors (3072K)
 Metaspace       used 168808K, committed 170368K, reserved 1204224K
  class space    used 22205K, committed 22976K, reserved 1048576K
GC Heap History (20 events):
Event: 5170.685 GC heap after
{Heap after GC invocations=65 (full 0):
 garbage-first heap   total 459776K, used 341831K [0x0000000080000000, 0x0000000100000000)
  region size 1024K, 8 young (8192K), 8 survivors (8192K)
 Metaspace       used 168581K, committed 170048K, reserved 1204224K
  class space    used 22180K, committed 22912K, reserved 1048576K
}
Event: 5170.841 GC heap before
{Heap before GC invocations=65 (full 0):
 garbage-first heap   total 459776K, used 396103K [0x0000000080000000, 0x0000000100000000)
  region size 1024K, 62 young (63488K), 8 survivors (8192K)
 Metaspace       used 168608K, committed 170048K, reserved 1204224K
  class space    used 22181K, committed 22912K, reserved 1048576K
}
Event: 5170.851 GC heap after
{Heap after GC invocations=66 (full 0):
 garbage-first heap   total 459776K, used 344520K [0x0000000080000000, 0x0000000100000000)
  region size 1024K, 4 young (4096K), 4 survivors (4096K)
 Metaspace       used 168608K, committed 170048K, reserved 1204224K
  class space    used 22181K, committed 22912K, reserved 1048576K
}
Event: 5171.016 GC heap before
{Heap before GC invocations=66 (full 0):
 garbage-first heap   total 459776K, used 397768K [0x0000000080000000, 0x0000000100000000)
  region size 1024K, 57 young (58368K), 4 survivors (4096K)
 Metaspace       used 168630K, committed 170112K, reserved 1204224K
  class space    used 22185K, committed 22912K, reserved 1048576K
}
Event: 5171.019 GC heap after
{Heap after GC invocations=67 (full 0):
 garbage-first heap   total 459776K, used 343278K [0x0000000080000000, 0x0000000100000000)
  region size 1024K, 3 young (3072K), 3 survivors (3072K)
 Metaspace       used 168630K, committed 170112K, reserved 1204224K
  class space    used 22185K, committed 22912K, reserved 1048576K
}
Event: 5171.350 GC heap before
{Heap before GC invocations=67 (full 0):
 garbage-first heap   total 459776K, used 400622K [0x0000000080000000, 0x0000000100000000)
  region size 1024K, 59 young (60416K), 3 survivors (3072K)
 Metaspace       used 168643K, committed 170112K, reserved 1204224K
  class space    used 22186K, committed 22912K, reserved 1048576K
}
Event: 5171.353 GC heap after
{Heap after GC invocations=68 (full 0):
 garbage-first heap   total 459776K, used 343430K [0x0000000080000000, 0x0000000100000000)
  region size 1024K, 3 young (3072K), 3 survivors (3072K)
 Metaspace       used 168643K, committed 170112K, reserved 1204224K
  class space    used 22186K, committed 22912K, reserved 1048576K
}
Event: 5171.687 GC heap before
{Heap before GC invocations=68 (full 0):
 garbage-first heap   total 459776K, used 402822K [0x0000000080000000, 0x0000000100000000)
  region size 1024K, 61 young (62464K), 3 survivors (3072K)
 Metaspace       used 168648K, committed 170112K, reserved 1204224K
  class space    used 22186K, committed 22912K, reserved 1048576K
}
Event: 5171.690 GC heap after
{Heap after GC invocations=69 (full 0):
 garbage-first heap   total 459776K, used 343681K [0x0000000080000000, 0x0000000100000000)
  region size 1024K, 3 young (3072K), 3 survivors (3072K)
 Metaspace       used 168648K, committed 170112K, reserved 1204224K
  class space    used 22186K, committed 22912K, reserved 1048576K
}
Event: 5171.985 GC heap before
{Heap before GC invocations=69 (full 0):
 garbage-first heap   total 459776K, used 405121K [0x0000000080000000, 0x0000000100000000)
  region size 1024K, 63 young (64512K), 3 survivors (3072K)
 Metaspace       used 168661K, committed 170112K, reserved 1204224K
  class space    used 22186K, committed 22912K, reserved 1048576K
}
Event: 5171.987 GC heap after
{Heap after GC invocations=70 (full 0):
 garbage-first heap   total 459776K, used 343966K [0x0000000080000000, 0x0000000100000000)
  region size 1024K, 3 young (3072K), 3 survivors (3072K)
 Metaspace       used 168661K, committed 170112K, reserved 1204224K
  class space    used 22186K, committed 22912K, reserved 1048576K
}
Event: 5172.224 GC heap before
{Heap before GC invocations=70 (full 0):
 garbage-first heap   total 459776K, used 406430K [0x0000000080000000, 0x0000000100000000)
  region size 1024K, 64 young (65536K), 3 survivors (3072K)
 Metaspace       used 168669K, committed 170112K, reserved 1204224K
  class space    used 22187K, committed 22912K, reserved 1048576K
}
Event: 5172.228 GC heap after
{Heap after GC invocations=71 (full 0):
 garbage-first heap   total 459776K, used 345338K [0x0000000080000000, 0x0000000100000000)
  region size 1024K, 5 young (5120K), 5 survivors (5120K)
 Metaspace       used 168669K, committed 170112K, reserved 1204224K
  class space    used 22187K, committed 22912K, reserved 1048576K
}
Event: 5172.361 GC heap before
{Heap before GC invocations=71 (full 0):
 garbage-first heap   total 459776K, used 385274K [0x0000000080000000, 0x0000000100000000)
  region size 1024K, 26 young (26624K), 5 survivors (5120K)
 Metaspace       used 168801K, committed 170368K, reserved 1204224K
  class space    used 22205K, committed 22976K, reserved 1048576K
}
Event: 5172.366 GC heap after
{Heap after GC invocations=72 (full 0):
 garbage-first heap   total 459776K, used 364410K [0x0000000080000000, 0x0000000100000000)
  region size 1024K, 7 young (7168K), 7 survivors (7168K)
 Metaspace       used 168801K, committed 170368K, reserved 1204224K
  class space    used 22205K, committed 22976K, reserved 1048576K
}
Event: 5172.374 GC heap before
{Heap before GC invocations=72 (full 0):
 garbage-first heap   total 459776K, used 384890K [0x0000000080000000, 0x0000000100000000)
  region size 1024K, 15 young (15360K), 7 survivors (7168K)
 Metaspace       used 168808K, committed 170368K, reserved 1204224K
  class space    used 22205K, committed 22976K, reserved 1048576K
}
Event: 5172.377 GC heap after
{Heap after GC invocations=73 (full 0):
 garbage-first heap   total 459776K, used 374249K [0x0000000080000000, 0x0000000100000000)
  region size 1024K, 4 young (4096K), 4 survivors (4096K)
 Metaspace       used 168808K, committed 170368K, reserved 1204224K
  class space    used 22205K, committed 22976K, reserved 1048576K
}
Event: 5172.380 GC heap before
{Heap before GC invocations=73 (full 0):
 garbage-first heap   total 459776K, used 377321K [0x0000000080000000, 0x0000000100000000)
  region size 1024K, 4 young (4096K), 4 survivors (4096K)
 Metaspace       used 168808K, committed 170368K, reserved 1204224K
  class space    used 22205K, committed 22976K, reserved 1048576K
}
Event: 5172.382 GC heap after
{Heap after GC invocations=74 (full 0):
 garbage-first heap   total 459776K, used 377990K [0x0000000080000000, 0x0000000100000000)
  region size 1024K, 0 young (0K), 0 survivors (0K)
 Metaspace       used 168808K, committed 170368K, reserved 1204224K
  class space    used 22205K, committed 22976K, reserved 1048576K
}
Event: 5172.505 GC heap before
{Heap before GC invocations=74 (full 0):
 garbage-first heap   total 459776K, used 403590K [0x0000000080000000, 0x0000000100000000)
  region size 1024K, 23 young (23552K), 0 survivors (0K)
 Metaspace       used 168808K, committed 170368K, reserved 1204224K
  class space    used 22205K, committed 22976K, reserved 1048576K
}

