# JRE version: OpenJDK Runtime Environment (17.0.6) (build 17.0.6+0-b2043.56-9586694)
# Java VM: OpenJDK 64-Bit Server VM (17.0.6+0-b2043.56-9586694, mixed mode, tiered, compressed oops, compressed class ptrs, g1 gc, windows-amd64)
GC Precious Log:
 CPUs: 8 total, 8 available
 Memory: 16231M
 Large Page Support: Disabled
 NUMA Support: Disabled
 Compressed Oops: Enabled (32-bit)
 Heap Region Size: 1M
 Heap Min Capacity: 8M
 Heap Initial Capacity: 254M
 Heap Max Capacity: 2G
 Pre-touch: Disabled
 Parallel Workers: 8
 Concurrent Workers: 2
 Concurrent Refinement Workers: 8
 Periodic GC: Disabled
Heap:
 garbage-first heap   total 313344K, used 218932K [0x0000000080000000, 0x0000000100000000)
  region size 1024K, 5 young (5120K), 5 survivors (5120K)
 Metaspace       used 107498K, committed 108224K, reserved 1146880K
  class space    used 14902K, committed 15232K, reserved 1048576K
GC Heap History (20 events):
Event: 10.081 GC heap after
{Heap after GC invocations=27 (full 0):
 garbage-first heap   total 146432K, used 76205K [0x0000000080000000, 0x0000000100000000)
  region size 1024K, 6 young (6144K), 6 survivors (6144K)
 Metaspace       used 84235K, committed 84800K, reserved 1122304K
  class space    used 11423K, committed 11712K, reserved 1048576K
}
Event: 11.391 GC heap before
{Heap before GC invocations=28 (full 0):
 garbage-first heap   total 146432K, used 117165K [0x0000000080000000, 0x0000000100000000)
  region size 1024K, 46 young (47104K), 6 survivors (6144K)
 Metaspace       used 89508K, committed 90112K, reserved 1130496K
  class space    used 12191K, committed 12480K, reserved 1048576K
}
Event: 11.398 GC heap after
{Heap after GC invocations=29 (full 0):
 garbage-first heap   total 146432K, used 80064K [0x0000000080000000, 0x0000000100000000)
  region size 1024K, 4 young (4096K), 4 survivors (4096K)
 Metaspace       used 89508K, committed 90112K, reserved 1130496K
  class space    used 12191K, committed 12480K, reserved 1048576K
}
Event: 11.430 GC heap before
{Heap before GC invocations=29 (full 0):
 garbage-first heap   total 146432K, used 83136K [0x0000000080000000, 0x0000000100000000)
  region size 1024K, 7 young (7168K), 4 survivors (4096K)
 Metaspace       used 89705K, committed 90304K, reserved 1130496K
  class space    used 12216K, committed 12480K, reserved 1048576K
}
Event: 11.434 GC heap after
{Heap after GC invocations=30 (full 0):
 garbage-first heap   total 146432K, used 80244K [0x0000000080000000, 0x0000000100000000)
  region size 1024K, 1 young (1024K), 1 survivors (1024K)
 Metaspace       used 89705K, committed 90304K, reserved 1130496K
  class space    used 12216K, committed 12480K, reserved 1048576K
}
Event: 11.814 GC heap before
{Heap before GC invocations=30 (full 0):
 garbage-first heap   total 146432K, used 118132K [0x0000000080000000, 0x0000000100000000)
  region size 1024K, 38 young (38912K), 1 survivors (1024K)
 Metaspace       used 91093K, committed 91712K, reserved 1130496K
  class space    used 12411K, committed 12672K, reserved 1048576K
}
Event: 11.820 GC heap after
{Heap after GC invocations=31 (full 0):
 garbage-first heap   total 292864K, used 84364K [0x0000000080000000, 0x0000000100000000)
  region size 1024K, 5 young (5120K), 5 survivors (5120K)
 Metaspace       used 91093K, committed 91712K, reserved 1130496K
  class space    used 12411K, committed 12672K, reserved 1048576K
}
Event: 13.033 GC heap before
{Heap before GC invocations=32 (full 0):
 garbage-first heap   total 292864K, used 218508K [0x0000000080000000, 0x0000000100000000)
  region size 1024K, 137 young (140288K), 5 survivors (5120K)
 Metaspace       used 94317K, committed 95040K, reserved 1138688K
  class space    used 12958K, committed 13312K, reserved 1048576K
}
Event: 13.051 GC heap after
{Heap after GC invocations=33 (full 0):
 garbage-first heap   total 292864K, used 97103K [0x0000000080000000, 0x0000000100000000)
  region size 1024K, 18 young (18432K), 18 survivors (18432K)
 Metaspace       used 94317K, committed 95040K, reserved 1138688K
  class space    used 12958K, committed 13312K, reserved 1048576K
}
Event: 13.063 GC heap before
{Heap before GC invocations=33 (full 0):
 garbage-first heap   total 292864K, used 98127K [0x0000000080000000, 0x0000000100000000)
  region size 1024K, 19 young (19456K), 18 survivors (18432K)
 Metaspace       used 94323K, committed 95040K, reserved 1138688K
  class space    used 12958K, committed 13312K, reserved 1048576K
}
Event: 13.077 GC heap after
{Heap after GC invocations=34 (full 0):
 garbage-first heap   total 292864K, used 98818K [0x0000000080000000, 0x0000000100000000)
  region size 1024K, 3 young (3072K), 3 survivors (3072K)
 Metaspace       used 94323K, committed 95040K, reserved 1138688K
  class space    used 12958K, committed 13312K, reserved 1048576K
}
Event: 13.899 GC heap before
{Heap before GC invocations=34 (full 0):
 garbage-first heap   total 292864K, used 219650K [0x0000000080000000, 0x0000000100000000)
  region size 1024K, 118 young (120832K), 3 survivors (3072K)
 Metaspace       used 97133K, committed 97856K, reserved 1138688K
  class space    used 13248K, committed 13568K, reserved 1048576K
}
Event: 13.906 GC heap after
{Heap after GC invocations=35 (full 0):
 garbage-first heap   total 292864K, used 110560K [0x0000000080000000, 0x0000000100000000)
  region size 1024K, 10 young (10240K), 10 survivors (10240K)
 Metaspace       used 97133K, committed 97856K, reserved 1138688K
  class space    used 13248K, committed 13568K, reserved 1048576K
}
Event: 14.870 GC heap before
{Heap before GC invocations=35 (full 0):
 garbage-first heap   total 292864K, used 262112K [0x0000000080000000, 0x0000000100000000)
  region size 1024K, 122 young (124928K), 10 survivors (10240K)
 Metaspace       used 103269K, committed 103936K, reserved 1138688K
  class space    used 14300K, committed 14592K, reserved 1048576K
}
Event: 14.913 GC heap after
{Heap after GC invocations=36 (full 0):
 garbage-first heap   total 313344K, used 170463K [0x0000000080000000, 0x0000000100000000)
  region size 1024K, 16 young (16384K), 16 survivors (16384K)
 Metaspace       used 103269K, committed 103936K, reserved 1138688K
  class space    used 14300K, committed 14592K, reserved 1048576K
}
Event: 15.119 GC heap before
{Heap before GC invocations=36 (full 0):
 garbage-first heap   total 313344K, used 239071K [0x0000000080000000, 0x0000000100000000)
  region size 1024K, 84 young (86016K), 16 survivors (16384K)
 Metaspace       used 103402K, committed 104064K, reserved 1138688K
  class space    used 14300K, committed 14592K, reserved 1048576K
}
Event: 15.163 GC heap after
{Heap after GC invocations=37 (full 0):
 garbage-first heap   total 313344K, used 206848K [0x0000000080000000, 0x0000000100000000)
  region size 1024K, 11 young (11264K), 11 survivors (11264K)
 Metaspace       used 103402K, committed 104064K, reserved 1138688K
  class space    used 14300K, committed 14592K, reserved 1048576K
}
Event: 15.670 GC heap before
{Heap before GC invocations=37 (full 0):
 garbage-first heap   total 313344K, used 246784K [0x0000000080000000, 0x0000000100000000)
  region size 1024K, 50 young (51200K), 11 survivors (11264K)
 Metaspace       used 106923K, committed 107648K, reserved 1146880K
  class space    used 14820K, committed 15168K, reserved 1048576K
}
Event: 15.692 GC heap after
{Heap after GC invocations=38 (full 0):
 garbage-first heap   total 313344K, used 214290K [0x0000000080000000, 0x0000000100000000)
  region size 1024K, 6 young (6144K), 6 survivors (6144K)
 Metaspace       used 106923K, committed 107648K, reserved 1146880K
  class space    used 14820K, committed 15168K, reserved 1048576K
}
Event: 15.960 GC heap before
{Heap before GC invocations=38 (full 0):
 garbage-first heap   total 313344K, used 251154K [0x0000000080000000, 0x0000000100000000)
  region size 1024K, 43 young (44032K), 6 survivors (6144K)
 Metaspace       used 107498K, committed 108224K, reserved 1146880K
  class space    used 14902K, committed 15232K, reserved 1048576K
}

