# JRE version: OpenJDK Runtime Environment (17.0.6) (build 17.0.6+0-b2043.56-9586694)
# Java VM: OpenJDK 64-Bit Server VM (17.0.6+0-b2043.56-9586694, mixed mode, tiered, compressed oops, compressed class ptrs, g1 gc, windows-amd64)
GC Precious Log:
 CPUs: 8 total, 8 available
 Memory: 16231M
 Large Page Support: Disabled
 NUMA Support: Disabled
 Compressed Oops: Enabled (Zero based)
 Heap Region Size: 2M
 Heap Min Capacity: 8M
 Heap Initial Capacity: 254M
 Heap Max Capacity: 4058M
 Pre-touch: Disabled
 Parallel Workers: 8
 Concurrent Workers: 2
 Concurrent Refinement Workers: 8
 Periodic GC: Disabled
Heap:
 garbage-first heap   total 260096K, used 62665K [0x0000000702600000, 0x0000000800000000)
  region size 2048K, 3 young (6144K), 3 survivors (6144K)
 Metaspace       used 75375K, committed 75648K, reserved 1122304K
  class space    used 8782K, committed 8896K, reserved 1048576K
GC Heap History (20 events):
Event: 2.314 GC heap after
{Heap after GC invocations=6 (full 0):
 garbage-first heap   total 49152K, used 21763K [0x0000000702600000, 0x0000000800000000)
  region size 2048K, 2 young (4096K), 2 survivors (4096K)
 Metaspace       used 31272K, committed 31552K, reserved 1081344K
  class space    used 3784K, committed 3904K, reserved 1048576K
}
Event: 2.595 GC heap before
{Heap before GC invocations=6 (full 0):
 garbage-first heap   total 49152K, used 36099K [0x0000000702600000, 0x0000000800000000)
  region size 2048K, 9 young (18432K), 2 survivors (4096K)
 Metaspace       used 34951K, committed 35200K, reserved 1081344K
  class space    used 4415K, committed 4544K, reserved 1048576K
}
Event: 2.603 GC heap after
{Heap after GC invocations=7 (full 0):
 garbage-first heap   total 49152K, used 24069K [0x0000000702600000, 0x0000000800000000)
  region size 2048K, 1 young (2048K), 1 survivors (2048K)
 Metaspace       used 34951K, committed 35200K, reserved 1081344K
  class space    used 4415K, committed 4544K, reserved 1048576K
}
Event: 2.668 GC heap before
{Heap before GC invocations=7 (full 0):
 garbage-first heap   total 49152K, used 26117K [0x0000000702600000, 0x0000000800000000)
  region size 2048K, 3 young (6144K), 1 survivors (2048K)
 Metaspace       used 35886K, committed 36096K, reserved 1081344K
  class space    used 4524K, committed 4608K, reserved 1048576K
}
Event: 2.671 GC heap after
{Heap after GC invocations=8 (full 0):
 garbage-first heap   total 49152K, used 24827K [0x0000000702600000, 0x0000000800000000)
  region size 2048K, 1 young (2048K), 1 survivors (2048K)
 Metaspace       used 35886K, committed 36096K, reserved 1081344K
  class space    used 4524K, committed 4608K, reserved 1048576K
}
Event: 2.850 GC heap before
{Heap before GC invocations=9 (full 0):
 garbage-first heap   total 49152K, used 35067K [0x0000000702600000, 0x0000000800000000)
  region size 2048K, 6 young (12288K), 1 survivors (2048K)
 Metaspace       used 37471K, committed 37696K, reserved 1089536K
  class space    used 4714K, committed 4800K, reserved 1048576K
}
Event: 2.852 GC heap after
{Heap after GC invocations=10 (full 0):
 garbage-first heap   total 49152K, used 24121K [0x0000000702600000, 0x0000000800000000)
  region size 2048K, 1 young (2048K), 1 survivors (2048K)
 Metaspace       used 37471K, committed 37696K, reserved 1089536K
  class space    used 4714K, committed 4800K, reserved 1048576K
}
Event: 2.887 GC heap before
{Heap before GC invocations=10 (full 0):
 garbage-first heap   total 49152K, used 26169K [0x0000000702600000, 0x0000000800000000)
  region size 2048K, 2 young (4096K), 1 survivors (2048K)
 Metaspace       used 37751K, committed 38016K, reserved 1089536K
  class space    used 4744K, committed 4864K, reserved 1048576K
}
Event: 2.891 GC heap after
{Heap after GC invocations=11 (full 0):
 garbage-first heap   total 155648K, used 24028K [0x0000000702600000, 0x0000000800000000)
  region size 2048K, 1 young (2048K), 1 survivors (2048K)
 Metaspace       used 37751K, committed 38016K, reserved 1089536K
  class space    used 4744K, committed 4864K, reserved 1048576K
}
Event: 3.753 GC heap before
{Heap before GC invocations=11 (full 0):
 garbage-first heap   total 155648K, used 93660K [0x0000000702600000, 0x0000000800000000)
  region size 2048K, 35 young (71680K), 1 survivors (2048K)
 Metaspace       used 48403K, committed 48640K, reserved 1097728K
  class space    used 5808K, committed 5888K, reserved 1048576K
}
Event: 3.759 GC heap after
{Heap after GC invocations=12 (full 0):
 garbage-first heap   total 155648K, used 28747K [0x0000000702600000, 0x0000000800000000)
  region size 2048K, 3 young (6144K), 3 survivors (6144K)
 Metaspace       used 48403K, committed 48640K, reserved 1097728K
  class space    used 5808K, committed 5888K, reserved 1048576K
}
Event: 5.501 GC heap before
{Heap before GC invocations=12 (full 0):
 garbage-first heap   total 155648K, used 108619K [0x0000000702600000, 0x0000000800000000)
  region size 2048K, 41 young (83968K), 3 survivors (6144K)
 Metaspace       used 56876K, committed 57152K, reserved 1105920K
  class space    used 6667K, committed 6784K, reserved 1048576K
}
Event: 5.525 GC heap after
{Heap after GC invocations=13 (full 0):
 garbage-first heap   total 155648K, used 44440K [0x0000000702600000, 0x0000000800000000)
  region size 2048K, 6 young (12288K), 6 survivors (12288K)
 Metaspace       used 56876K, committed 57152K, reserved 1105920K
  class space    used 6667K, committed 6784K, reserved 1048576K
}
Event: 6.004 GC heap before
{Heap before GC invocations=13 (full 0):
 garbage-first heap   total 155648K, used 77208K [0x0000000702600000, 0x0000000800000000)
  region size 2048K, 23 young (47104K), 6 survivors (12288K)
 Metaspace       used 60131K, committed 60416K, reserved 1105920K
  class space    used 7118K, committed 7232K, reserved 1048576K
}
Event: 6.025 GC heap after
{Heap after GC invocations=14 (full 0):
 garbage-first heap   total 155648K, used 47985K [0x0000000702600000, 0x0000000800000000)
  region size 2048K, 2 young (4096K), 2 survivors (4096K)
 Metaspace       used 60131K, committed 60416K, reserved 1105920K
  class space    used 7118K, committed 7232K, reserved 1048576K
}
Event: 7.674 GC heap before
{Heap before GC invocations=15 (full 0):
 garbage-first heap   total 155648K, used 109425K [0x0000000702600000, 0x0000000800000000)
  region size 2048K, 32 young (65536K), 2 survivors (4096K)
 Metaspace       used 66631K, committed 66944K, reserved 1114112K
  class space    used 7872K, committed 8000K, reserved 1048576K
}
Event: 7.692 GC heap after
{Heap after GC invocations=16 (full 0):
 garbage-first heap   total 155648K, used 56660K [0x0000000702600000, 0x0000000800000000)
  region size 2048K, 4 young (8192K), 4 survivors (8192K)
 Metaspace       used 66631K, committed 66944K, reserved 1114112K
  class space    used 7872K, committed 8000K, reserved 1048576K
}
Event: 7.713 GC heap before
{Heap before GC invocations=16 (full 0):
 garbage-first heap   total 155648K, used 58708K [0x0000000702600000, 0x0000000800000000)
  region size 2048K, 5 young (10240K), 4 survivors (8192K)
 Metaspace       used 66646K, committed 66944K, reserved 1114112K
  class space    used 7872K, committed 8000K, reserved 1048576K
}
Event: 7.735 GC heap after
{Heap after GC invocations=17 (full 0):
 garbage-first heap   total 155648K, used 58176K [0x0000000702600000, 0x0000000800000000)
  region size 2048K, 1 young (2048K), 1 survivors (2048K)
 Metaspace       used 66646K, committed 66944K, reserved 1114112K
  class space    used 7872K, committed 8000K, reserved 1048576K
}
Event: 9.016 GC heap before
{Heap before GC invocations=17 (full 0):
 garbage-first heap   total 155648K, used 113472K [0x0000000702600000, 0x0000000800000000)
  region size 2048K, 28 young (57344K), 1 survivors (2048K)
 Metaspace       used 75375K, committed 75648K, reserved 1122304K
  class space    used 8782K, committed 8896K, reserved 1048576K
}

